<?xml version="1.0" encoding="UTF-8"?>
<testng-results ignored="0" total="1" passed="1" failed="0" skipped="0">
  <reporter-output>
  </reporter-output>
  <suite started-at="2022-12-22T16:58:29 IST" name="FampayTestAutomation" finished-at="2022-12-22T16:59:19 IST" duration-ms="49895">
    <groups>
    </groups>
    <test started-at="2022-12-22T16:58:29 IST" name="automation-tests" finished-at="2022-12-22T16:59:19 IST" duration-ms="49895">
      <class name="tests.testngTests.LoginTest">
        <test-method is-config="true" signature="invokeAppium()[pri:0, instance:tests.testngTests.LoginTest@2f953efd]" started-at="2022-12-22T16:58:27 IST" name="invokeAppium" finished-at="2022-12-22T16:58:29 IST" duration-ms="2125" status="PASS">
          <reporter-output>
          </reporter-output>
        </test-method> <!-- invokeAppium -->
        <test-method is-config="true" signature="createDriver(java.lang.String,java.lang.reflect.Method)[pri:0, instance:tests.testngTests.LoginTest@2f953efd]" started-at="2022-12-22T16:58:29 IST" name="createDriver" finished-at="2022-12-22T16:58:45 IST" duration-ms="16391" status="PASS">
          <params>
            <param index="0">
              <value>
                <![CDATA[android]]>
              </value>
            </param>
            <param index="1">
              <value>
                <![CDATA[public void tests.testngTests.LoginTest.LoginVerification() throws java.lang.InterruptedException]]>
              </value>
            </param>
          </params>
          <reporter-output>
          </reporter-output>
        </test-method> <!-- createDriver -->
        <test-method is-config="true" signature="instantiateHelpers(java.lang.String)[pri:0, instance:tests.testngTests.LoginTest@2f953efd]" started-at="2022-12-22T16:58:45 IST" name="instantiateHelpers" finished-at="2022-12-22T16:58:45 IST" duration-ms="0" status="PASS">
          <params>
            <param index="0">
              <value>
                <![CDATA[android]]>
              </value>
            </param>
          </params>
          <reporter-output>
          </reporter-output>
        </test-method> <!-- instantiateHelpers -->
        <test-method signature="LoginVerification()[pri:0, instance:tests.testngTests.LoginTest@2f953efd]" started-at="2022-12-22T16:58:45 IST" name="LoginVerification" finished-at="2022-12-22T16:59:17 IST" duration-ms="32222" status="PASS">
          <reporter-output>
          </reporter-output>
        </test-method> <!-- LoginVerification -->
        <test-method is-config="true" signature="teardown()[pri:0, instance:tests.testngTests.LoginTest@2f953efd]" started-at="2022-12-22T16:59:17 IST" name="teardown" finished-at="2022-12-22T16:59:19 IST" duration-ms="1266" status="PASS">
          <reporter-output>
          </reporter-output>
        </test-method> <!-- teardown -->
        <test-method is-config="true" signature="stopAppium()[pri:0, instance:tests.testngTests.LoginTest@2f953efd]" started-at="2022-12-22T16:59:19 IST" name="stopAppium" finished-at="2022-12-22T16:59:19 IST" duration-ms="0" status="PASS">
          <reporter-output>
          </reporter-output>
        </test-method> <!-- stopAppium -->
      </class> <!-- tests.testngTests.LoginTest -->
    </test> <!-- automation-tests -->
  </suite> <!-- FampayTestAutomation -->
</testng-results>
